BIN\APPFRAME.DLL -> File updated successfully!
BIN\ARES.dll -> File updated successfully!
BIN\HOOKDLL.DLL -> File updated successfully!
BIN\ISIS.dll -> File updated successfully!
BIN\LICENCE.DLL -> File updated successfully!
BIN\LICENCE.EXE -> Attached file added successfully!
BIN\PDS.EXE -> File updated successfully!
BIN\PROSPICE.DLL -> File updated successfully!
MODELS\AVR.DLL -> File updated successfully!
MODELS\AVR2.DLL -> File updated successfully!
MODELS\i8086.DLL -> File updated successfully!
MODELS\KEYPAD.DLL -> File updated successfully!
MODELS\LCDALPHA.DLL -> File updated successfully!
MODELS\LCDPIXEL.DLL -> File updated successfully!
MODELS\LEDMPX.DLL -> File updated successfully!
MODELS\MCS8051.DLL -> File updated successfully!
MODELS\PIC16.DLL -> File updated successfully!
MODELS\PIC16EX.DLL -> File updated successfully!
MODELS\PIC18.DLL -> File updated successfully!
MODELS\READOUT.DLL -> File updated successfully!
MODELS\VTERM.DLL -> File updated successfully!
